<?xml version="1.0" encoding="UTF-8"?>
<coverage generated="1739493254305" clover="3.2.0">
  <project timestamp="1739493254309" name="All files">
    <metrics statements="207" coveredstatements="107" conditionals="77" coveredconditionals="32" methods="28" coveredmethods="15" elements="312" coveredelements="154" complexity="0" loc="207" ncloc="207" packages="1" files="1" classes="1"/>
    <file name="scraper.js" path="/Users/jessestay/Documents/Cursor Workspaces/EdBrassLaw/site-scraper-tools/chrome-extension/scraper.js">
      <metrics statements="207" coveredstatements="107" conditionals="77" coveredconditionals="32" methods="28" coveredmethods="15"/>
      <line num="1" count="1" type="stmt"/>
      <line num="7" count="15" type="cond" truecount="2" falsecount="0"/>
      <line num="8" count="1" type="stmt"/>
      <line num="17" count="15" type="stmt"/>
      <line num="18" count="15" type="stmt"/>
      <line num="19" count="15" type="stmt"/>
      <line num="22" count="15" type="stmt"/>
      <line num="30" count="15" type="stmt"/>
      <line num="31" count="15" type="stmt"/>
      <line num="32" count="15" type="stmt"/>
      <line num="35" count="15" type="stmt"/>
      <line num="36" count="15" type="stmt"/>
      <line num="37" count="15" type="stmt"/>
      <line num="38" count="15" type="stmt"/>
      <line num="39" count="15" type="stmt"/>
      <line num="40" count="15" type="stmt"/>
      <line num="41" count="15" type="stmt"/>
      <line num="42" count="15" type="stmt"/>
      <line num="43" count="15" type="stmt"/>
      <line num="46" count="15" type="stmt"/>
      <line num="50" count="9" type="stmt"/>
      <line num="51" count="9" type="cond" truecount="2" falsecount="0"/>
      <line num="54" count="8" type="cond" truecount="2" falsecount="2"/>
      <line num="55" count="0" type="stmt"/>
      <line num="58" count="8" type="cond" truecount="2" falsecount="0"/>
      <line num="59" count="8" type="cond" truecount="2" falsecount="0"/>
      <line num="60" count="8" type="stmt"/>
      <line num="62" count="1" type="stmt"/>
      <line num="67" count="2" type="stmt"/>
      <line num="68" count="2" type="stmt"/>
      <line num="69" count="1" type="stmt"/>
      <line num="71" count="1" type="stmt"/>
      <line num="72" count="1" type="stmt"/>
      <line num="73" count="1" type="stmt"/>
      <line num="76" count="1" type="stmt"/>
      <line num="77" count="0" type="cond" truecount="0" falsecount="4"/>
      <line num="78" count="0" type="stmt"/>
      <line num="79" count="0" type="stmt"/>
      <line num="80" count="0" type="stmt"/>
      <line num="85" count="1" type="cond" truecount="1" falsecount="1"/>
      <line num="87" count="1" type="stmt"/>
      <line num="88" count="1" type="stmt"/>
      <line num="89" count="1" type="stmt"/>
      <line num="91" count="0" type="stmt"/>
      <line num="96" count="1" type="cond" truecount="3" falsecount="1"/>
      <line num="98" count="1" type="stmt"/>
      <line num="106" count="1" type="stmt"/>
      <line num="107" count="5" type="stmt"/>
      <line num="108" count="5" type="stmt"/>
      <line num="109" count="5" type="stmt"/>
      <line num="110" count="5" type="stmt"/>
      <line num="111" count="5" type="cond" truecount="1" falsecount="1"/>
      <line num="114" count="5" type="cond" truecount="3" falsecount="1"/>
      <line num="118" count="5" type="stmt"/>
      <line num="119" count="5" type="stmt"/>
      <line num="122" count="0" type="stmt"/>
      <line num="129" count="53" type="cond" truecount="1" falsecount="1"/>
      <line num="130" count="0" type="stmt"/>
      <line num="133" count="53" type="stmt"/>
      <line num="134" count="53" type="stmt"/>
      <line num="135" count="53" type="cond" truecount="2" falsecount="0"/>
      <line num="136" count="50" type="stmt"/>
      <line num="138" count="53" type="stmt"/>
      <line num="144" count="5" type="stmt"/>
      <line num="146" count="5" type="stmt"/>
      <line num="147" count="5" type="stmt"/>
      <line num="148" count="10" type="stmt"/>
      <line num="149" count="10" type="stmt"/>
      <line num="150" count="8" type="cond" truecount="1" falsecount="1"/>
      <line num="151" count="8" type="stmt"/>
      <line num="152" count="8" type="stmt"/>
      <line num="156" count="8" type="stmt"/>
      <line num="159" count="2" type="stmt"/>
      <line num="163" count="5" type="stmt"/>
      <line num="169" count="5" type="stmt"/>
      <line num="170" count="5" type="stmt"/>
      <line num="174" count="0" type="stmt"/>
      <line num="175" count="0" type="cond" truecount="0" falsecount="2"/>
      <line num="176" count="0" type="stmt"/>
      <line num="179" count="0" type="stmt"/>
      <line num="180" count="0" type="stmt"/>
      <line num="181" count="0" type="stmt"/>
      <line num="183" count="0" type="stmt"/>
      <line num="184" count="0" type="cond" truecount="0" falsecount="2"/>
      <line num="185" count="0" type="stmt"/>
      <line num="188" count="0" type="stmt"/>
      <line num="189" count="0" type="cond" truecount="0" falsecount="2"/>
      <line num="191" count="0" type="stmt"/>
      <line num="192" count="0" type="stmt"/>
      <line num="193" count="0" type="stmt"/>
      <line num="194" count="0" type="stmt"/>
      <line num="196" count="0" type="stmt"/>
      <line num="197" count="0" type="stmt"/>
      <line num="203" count="0" type="stmt"/>
      <line num="204" count="0" type="stmt"/>
      <line num="206" count="0" type="stmt"/>
      <line num="207" count="0" type="stmt"/>
      <line num="208" count="0" type="stmt"/>
      <line num="209" count="0" type="stmt"/>
      <line num="210" count="0" type="cond" truecount="0" falsecount="2"/>
      <line num="211" count="0" type="stmt"/>
      <line num="214" count="0" type="stmt"/>
      <line num="218" count="0" type="stmt"/>
      <line num="219" count="0" type="stmt"/>
      <line num="222" count="0" type="stmt"/>
      <line num="223" count="0" type="stmt"/>
      <line num="227" count="0" type="stmt"/>
      <line num="229" count="0" type="stmt"/>
      <line num="230" count="0" type="stmt"/>
      <line num="236" count="0" type="stmt"/>
      <line num="237" count="0" type="stmt"/>
      <line num="238" count="0" type="stmt"/>
      <line num="242" count="0" type="stmt"/>
      <line num="243" count="0" type="stmt"/>
      <line num="244" count="0" type="stmt"/>
      <line num="248" count="0" type="stmt"/>
      <line num="249" count="0" type="stmt"/>
      <line num="250" count="0" type="stmt"/>
      <line num="255" count="0" type="stmt"/>
      <line num="256" count="0" type="stmt"/>
      <line num="257" count="0" type="cond" truecount="0" falsecount="2"/>
      <line num="259" count="0" type="stmt"/>
      <line num="260" count="0" type="cond" truecount="0" falsecount="2"/>
      <line num="262" count="0" type="cond" truecount="0" falsecount="2"/>
      <line num="266" count="0" type="stmt"/>
      <line num="267" count="0" type="stmt"/>
      <line num="274" count="0" type="stmt"/>
      <line num="279" count="0" type="stmt"/>
      <line num="280" count="0" type="stmt"/>
      <line num="281" count="0" type="cond" truecount="0" falsecount="3"/>
      <line num="285" count="0" type="stmt"/>
      <line num="290" count="0" type="stmt"/>
      <line num="291" count="0" type="stmt"/>
      <line num="293" count="0" type="cond" truecount="0" falsecount="4"/>
      <line num="294" count="0" type="stmt"/>
      <line num="297" count="0" type="cond" truecount="0" falsecount="2"/>
      <line num="301" count="0" type="stmt"/>
      <line num="302" count="0" type="cond" truecount="0" falsecount="2"/>
      <line num="303" count="0" type="stmt"/>
      <line num="304" count="0" type="stmt"/>
      <line num="305" count="0" type="stmt"/>
      <line num="308" count="0" type="stmt"/>
      <line num="309" count="0" type="stmt"/>
      <line num="310" count="0" type="stmt"/>
      <line num="317" count="0" type="stmt"/>
      <line num="318" count="0" type="stmt"/>
      <line num="322" count="12" type="stmt"/>
      <line num="325" count="12" type="stmt"/>
      <line num="326" count="12" type="stmt"/>
      <line num="327" count="12" type="stmt"/>
      <line num="328" count="12" type="stmt"/>
      <line num="329" count="12" type="stmt"/>
      <line num="332" count="12" type="stmt"/>
      <line num="333" count="12" type="stmt"/>
      <line num="336" count="12" type="stmt"/>
      <line num="337" count="12" type="stmt"/>
      <line num="340" count="12" type="stmt"/>
      <line num="341" count="4" type="stmt"/>
      <line num="342" count="4" type="stmt"/>
      <line num="344" count="0" type="stmt"/>
      <line num="347" count="12" type="stmt"/>
      <line num="351" count="0" type="stmt"/>
      <line num="352" count="0" type="stmt"/>
      <line num="353" count="0" type="cond" truecount="0" falsecount="2"/>
      <line num="354" count="0" type="stmt"/>
      <line num="356" count="0" type="stmt"/>
      <line num="358" count="0" type="stmt"/>
      <line num="362" count="1" type="cond" truecount="1" falsecount="1"/>
      <line num="363" count="1" type="stmt"/>
      <line num="365" count="1" type="stmt"/>
      <line num="367" count="0" type="stmt"/>
      <line num="371" count="1" type="stmt"/>
      <line num="374" count="1" type="stmt"/>
      <line num="377" count="1" type="cond" truecount="1" falsecount="1"/>
      <line num="378" count="0" type="stmt"/>
      <line num="379" count="0" type="stmt"/>
      <line num="380" count="0" type="stmt"/>
      <line num="381" count="0" type="stmt"/>
      <line num="385" count="1" type="stmt"/>
      <line num="386" count="1" type="stmt"/>
      <line num="389" count="1" type="cond" truecount="1" falsecount="1"/>
      <line num="390" count="0" type="stmt"/>
      <line num="393" count="1" type="stmt"/>
      <line num="397" count="41" type="stmt"/>
      <line num="398" count="41" type="cond" truecount="2" falsecount="0"/>
      <line num="399" count="2" type="stmt"/>
      <line num="400" count="2" type="stmt"/>
      <line num="403" count="41" type="cond" truecount="1" falsecount="1"/>
      <line num="404" count="0" type="stmt"/>
      <line num="405" count="0" type="stmt"/>
      <line num="406" count="0" type="stmt"/>
      <line num="407" count="0" type="stmt"/>
      <line num="409" count="0" type="stmt"/>
      <line num="412" count="41" type="stmt"/>
      <line num="416" count="41" type="stmt"/>
      <line num="417" count="41" type="stmt"/>
      <line num="418" count="41" type="stmt"/>
      <line num="419" count="39" type="cond" truecount="1" falsecount="1"/>
      <line num="420" count="0" type="stmt"/>
      <line num="421" count="0" type="stmt"/>
      <line num="422" count="0" type="stmt"/>
      <line num="424" count="39" type="stmt"/>
      <line num="426" count="2" type="stmt"/>
      <line num="427" count="2" type="stmt"/>
      <line num="436" count="1" type="cond" truecount="1" falsecount="1"/>
      <line num="437" count="1" type="stmt"/>
      <line num="439" count="0" type="stmt"/>
    </file>
  </project>
</coverage>
