{"/Users/jessestay/Documents/Cursor Workspaces/EdBrassLaw/site-scraper-tools/chrome-extension/scraper.js": {"path":"/Users/jessestay/Documents/Cursor Workspaces/EdBrassLaw/site-scraper-tools/chrome-extension/scraper.js","statementMap":{"0":{"start":{"line":1,"column":0},"end":{"line":1,"column":33}},"1":{"start":{"line":6,"column":4},"end":{"line":6,"column":49}},"2":{"start":{"line":7,"column":4},"end":{"line":7,"column":48}},"3":{"start":{"line":8,"column":4},"end":{"line":8,"column":45}},"4":{"start":{"line":9,"column":4},"end":{"line":9,"column":33}},"5":{"start":{"line":10,"column":4},"end":{"line":10,"column":24}},"6":{"start":{"line":11,"column":4},"end":{"line":11,"column":22}},"7":{"start":{"line":12,"column":4},"end":{"line":12,"column":27}},"8":{"start":{"line":13,"column":4},"end":{"line":13,"column":28}},"9":{"start":{"line":14,"column":4},"end":{"line":14,"column":23}},"10":{"start":{"line":15,"column":4},"end":{"line":15,"column":31}},"11":{"start":{"line":16,"column":4},"end":{"line":21,"column":6}},"12":{"start":{"line":22,"column":4},"end":{"line":22,"column":72}},"13":{"start":{"line":26,"column":4},"end":{"line":26,"column":50}},"14":{"start":{"line":27,"column":4},"end":{"line":27,"column":44}},"15":{"start":{"line":28,"column":4},"end":{"line":28,"column":34}},"16":{"start":{"line":30,"column":4},"end":{"line":71,"column":5}},"17":{"start":{"line":31,"column":18},"end":{"line":31,"column":40}},"18":{"start":{"line":32,"column":6},"end":{"line":32,"column":46}},"19":{"start":{"line":32,"column":37},"end":{"line":32,"column":46}},"20":{"start":{"line":34,"column":6},"end":{"line":70,"column":7}},"21":{"start":{"line":35,"column":8},"end":{"line":35,"column":40}},"22":{"start":{"line":36,"column":25},"end":{"line":36,"column":41}},"23":{"start":{"line":37,"column":8},"end":{"line":40,"column":9}},"24":{"start":{"line":38,"column":10},"end":{"line":38,"column":69}},"25":{"start":{"line":39,"column":10},"end":{"line":39,"column":19}},"26":{"start":{"line":42,"column":21},"end":{"line":42,"column":42}},"27":{"start":{"line":45,"column":21},"end":{"line":45,"column":45}},"28":{"start":{"line":46,"column":8},"end":{"line":50,"column":11}},"29":{"start":{"line":53,"column":20},"end":{"line":53,"column":70}},"30":{"start":{"line":54,"column":8},"end":{"line":54,"column":43}},"31":{"start":{"line":57,"column":22},"end":{"line":57,"column":53}},"32":{"start":{"line":58,"column":8},"end":{"line":63,"column":9}},"33":{"start":{"line":59,"column":23},"end":{"line":59,"column":57}},"34":{"start":{"line":60,"column":10},"end":{"line":62,"column":11}},"35":{"start":{"line":61,"column":12},"end":{"line":61,"column":38}},"36":{"start":{"line":65,"column":8},"end":{"line":65,"column":34}},"37":{"start":{"line":66,"column":8},"end":{"line":66,"column":72}},"38":{"start":{"line":69,"column":8},"end":{"line":69,"column":57}},"39":{"start":{"line":73,"column":4},"end":{"line":73,"column":35}},"40":{"start":{"line":78,"column":24},"end":{"line":78,"column":70}},"41":{"start":{"line":79,"column":4},"end":{"line":81,"column":5}},"42":{"start":{"line":80,"column":6},"end":{"line":80,"column":61}},"43":{"start":{"line":84,"column":20},"end":{"line":84,"column":55}},"44":{"start":{"line":85,"column":4},"end":{"line":87,"column":5}},"45":{"start":{"line":86,"column":6},"end":{"line":86,"column":75}},"46":{"start":{"line":90,"column":19},"end":{"line":90,"column":51}},"47":{"start":{"line":91,"column":4},"end":{"line":93,"column":5}},"48":{"start":{"line":92,"column":6},"end":{"line":92,"column":55}},"49":{"start":{"line":97,"column":4},"end":{"line":117,"column":5}},"50":{"start":{"line":98,"column":23},"end":{"line":98,"column":44}},"51":{"start":{"line":99,"column":6},"end":{"line":99,"column":62}},"52":{"start":{"line":99,"column":55},"end":{"line":99,"column":62}},"53":{"start":{"line":101,"column":23},"end":{"line":101,"column":44}},"54":{"start":{"line":102,"column":6},"end":{"line":102,"column":31}},"55":{"start":{"line":102,"column":24},"end":{"line":102,"column":31}},"56":{"start":{"line":104,"column":22},"end":{"line":106,"column":29}},"57":{"start":{"line":108,"column":19},"end":{"line":108,"column":59}},"58":{"start":{"line":109,"column":6},"end":{"line":113,"column":9}},"59":{"start":{"line":116,"column":6},"end":{"line":116,"column":59}},"60":{"start":{"line":121,"column":4},"end":{"line":128,"column":5}},"61":{"start":{"line":122,"column":21},"end":{"line":122,"column":33}},"62":{"start":{"line":123,"column":6},"end":{"line":125,"column":32}},"63":{"start":{"line":127,"column":6},"end":{"line":127,"column":19}},"64":{"start":{"line":132,"column":19},"end":{"line":132,"column":31}},"65":{"start":{"line":133,"column":15},"end":{"line":133,"column":30}},"66":{"start":{"line":135,"column":4},"end":{"line":137,"column":5}},"67":{"start":{"line":136,"column":6},"end":{"line":136,"column":27}},"68":{"start":{"line":139,"column":4},"end":{"line":139,"column":55}},"69":{"start":{"line":143,"column":4},"end":{"line":143,"column":41}},"70":{"start":{"line":144,"column":4},"end":{"line":146,"column":7}},"71":{"start":{"line":145,"column":8},"end":{"line":145,"column":51}},"72":{"start":{"line":148,"column":22},"end":{"line":148,"column":24}},"73":{"start":{"line":149,"column":4},"end":{"line":155,"column":5}},"74":{"start":{"line":150,"column":6},"end":{"line":154,"column":9}},"75":{"start":{"line":157,"column":4},"end":{"line":157,"column":67}},"76":{"start":{"line":158,"column":4},"end":{"line":158,"column":21}},"77":{"start":{"line":162,"column":4},"end":{"line":162,"column":34}},"78":{"start":{"line":163,"column":4},"end":{"line":163,"column":29}},"79":{"start":{"line":164,"column":4},"end":{"line":164,"column":24}},"80":{"start":{"line":165,"column":4},"end":{"line":165,"column":23}},"81":{"start":{"line":166,"column":4},"end":{"line":166,"column":28}},"82":{"start":{"line":170,"column":20},"end":{"line":170,"column":22}},"83":{"start":{"line":171,"column":4},"end":{"line":176,"column":5}},"84":{"start":{"line":172,"column":6},"end":{"line":174,"column":7}},"85":{"start":{"line":173,"column":8},"end":{"line":173,"column":35}},"86":{"start":{"line":175,"column":6},"end":{"line":175,"column":47}},"87":{"start":{"line":177,"column":4},"end":{"line":177,"column":19}},"88":{"start":{"line":181,"column":4},"end":{"line":184,"column":5}},"89":{"start":{"line":182,"column":6},"end":{"line":183,"column":71}},"90":{"start":{"line":185,"column":4},"end":{"line":185,"column":17}},"91":{"start":{"line":189,"column":4},"end":{"line":189,"column":50}},"92":{"start":{"line":190,"column":4},"end":{"line":190,"column":31}},"93":{"start":{"line":190,"column":19},"end":{"line":190,"column":31}},"94":{"start":{"line":194,"column":16},"end":{"line":194,"column":26}},"95":{"start":{"line":195,"column":4},"end":{"line":198,"column":5}},"96":{"start":{"line":196,"column":6},"end":{"line":196,"column":34}},"97":{"start":{"line":197,"column":6},"end":{"line":197,"column":37}},"98":{"start":{"line":200,"column":4},"end":{"line":204,"column":5}},"99":{"start":{"line":201,"column":23},"end":{"line":201,"column":81}},"100":{"start":{"line":202,"column":6},"end":{"line":202,"column":66}},"101":{"start":{"line":202,"column":35},"end":{"line":202,"column":64}},"102":{"start":{"line":203,"column":6},"end":{"line":203,"column":35}},"103":{"start":{"line":206,"column":4},"end":{"line":206,"column":30}},"104":{"start":{"line":210,"column":4},"end":{"line":210,"column":32}},"105":{"start":{"line":211,"column":4},"end":{"line":211,"column":22}},"106":{"start":{"line":219,"column":0},"end":{"line":223,"column":1}},"107":{"start":{"line":220,"column":2},"end":{"line":220,"column":35}},"108":{"start":{"line":222,"column":2},"end":{"line":222,"column":35}}},"fnMap":{"0":{"name":"(anonymous_0)","decl":{"start":{"line":5,"column":2},"end":{"line":5,"column":3}},"loc":{"start":{"line":5,"column":16},"end":{"line":23,"column":3}},"line":5},"1":{"name":"(anonymous_1)","decl":{"start":{"line":25,"column":2},"end":{"line":25,"column":3}},"loc":{"start":{"line":25,"column":29},"end":{"line":74,"column":3}},"line":25},"2":{"name":"(anonymous_2)","decl":{"start":{"line":76,"column":2},"end":{"line":76,"column":3}},"loc":{"start":{"line":76,"column":36},"end":{"line":94,"column":3}},"line":76},"3":{"name":"(anonymous_3)","decl":{"start":{"line":96,"column":2},"end":{"line":96,"column":3}},"loc":{"start":{"line":96,"column":39},"end":{"line":118,"column":3}},"line":96},"4":{"name":"(anonymous_4)","decl":{"start":{"line":120,"column":2},"end":{"line":120,"column":3}},"loc":{"start":{"line":120,"column":24},"end":{"line":129,"column":3}},"line":120},"5":{"name":"(anonymous_5)","decl":{"start":{"line":131,"column":2},"end":{"line":131,"column":3}},"loc":{"start":{"line":131,"column":22},"end":{"line":140,"column":3}},"line":131},"6":{"name":"(anonymous_6)","decl":{"start":{"line":142,"column":2},"end":{"line":142,"column":3}},"loc":{"start":{"line":142,"column":27},"end":{"line":159,"column":3}},"line":142},"7":{"name":"(anonymous_7)","decl":{"start":{"line":161,"column":2},"end":{"line":161,"column":3}},"loc":{"start":{"line":161,"column":12},"end":{"line":167,"column":3}},"line":161},"8":{"name":"(anonymous_8)","decl":{"start":{"line":169,"column":2},"end":{"line":169,"column":3}},"loc":{"start":{"line":169,"column":27},"end":{"line":178,"column":3}},"line":169},"9":{"name":"(anonymous_9)","decl":{"start":{"line":180,"column":2},"end":{"line":180,"column":3}},"loc":{"start":{"line":180,"column":23},"end":{"line":186,"column":3}},"line":180},"10":{"name":"(anonymous_10)","decl":{"start":{"line":188,"column":2},"end":{"line":188,"column":3}},"loc":{"start":{"line":188,"column":24},"end":{"line":191,"column":3}},"line":188},"11":{"name":"(anonymous_11)","decl":{"start":{"line":193,"column":2},"end":{"line":193,"column":3}},"loc":{"start":{"line":193,"column":25},"end":{"line":207,"column":3}},"line":193},"12":{"name":"(anonymous_12)","decl":{"start":{"line":202,"column":24},"end":{"line":202,"column":25}},"loc":{"start":{"line":202,"column":35},"end":{"line":202,"column":64}},"line":202},"13":{"name":"(anonymous_13)","decl":{"start":{"line":209,"column":2},"end":{"line":209,"column":3}},"loc":{"start":{"line":209,"column":19},"end":{"line":212,"column":3}},"line":209}},"branchMap":{"0":{"loc":{"start":{"line":32,"column":6},"end":{"line":32,"column":46}},"type":"if","locations":[{"start":{"line":32,"column":6},"end":{"line":32,"column":46}},{"start":{},"end":{}}],"line":32},"1":{"loc":{"start":{"line":37,"column":8},"end":{"line":40,"column":9}},"type":"if","locations":[{"start":{"line":37,"column":8},"end":{"line":40,"column":9}},{"start":{},"end":{}}],"line":37},"2":{"loc":{"start":{"line":60,"column":10},"end":{"line":62,"column":11}},"type":"if","locations":[{"start":{"line":60,"column":10},"end":{"line":62,"column":11}},{"start":{},"end":{}}],"line":60},"3":{"loc":{"start":{"line":99,"column":6},"end":{"line":99,"column":62}},"type":"if","locations":[{"start":{"line":99,"column":6},"end":{"line":99,"column":62}},{"start":{},"end":{}}],"line":99},"4":{"loc":{"start":{"line":102,"column":6},"end":{"line":102,"column":31}},"type":"if","locations":[{"start":{"line":102,"column":6},"end":{"line":102,"column":31}},{"start":{},"end":{}}],"line":102},"5":{"loc":{"start":{"line":104,"column":22},"end":{"line":106,"column":29}},"type":"cond-expr","locations":[{"start":{"line":105,"column":8},"end":{"line":105,"column":29}},{"start":{"line":106,"column":8},"end":{"line":106,"column":29}}],"line":104},"6":{"loc":{"start":{"line":123,"column":13},"end":{"line":125,"column":31}},"type":"binary-expr","locations":[{"start":{"line":123,"column":13},"end":{"line":123,"column":43}},{"start":{"line":124,"column":13},"end":{"line":124,"column":39}},{"start":{"line":125,"column":13},"end":{"line":125,"column":31}}],"line":123},"7":{"loc":{"start":{"line":135,"column":4},"end":{"line":137,"column":5}},"type":"if","locations":[{"start":{"line":135,"column":4},"end":{"line":137,"column":5}},{"start":{},"end":{}}],"line":135},"8":{"loc":{"start":{"line":135,"column":8},"end":{"line":135,"column":49}},"type":"binary-expr","locations":[{"start":{"line":135,"column":8},"end":{"line":135,"column":26}},{"start":{"line":135,"column":30},"end":{"line":135,"column":49}}],"line":135},"9":{"loc":{"start":{"line":139,"column":11},"end":{"line":139,"column":54}},"type":"cond-expr","locations":[{"start":{"line":139,"column":34},"end":{"line":139,"column":47}},{"start":{"line":139,"column":50},"end":{"line":139,"column":54}}],"line":139},"10":{"loc":{"start":{"line":144,"column":4},"end":{"line":146,"column":7}},"type":"if","locations":[{"start":{"line":144,"column":4},"end":{"line":146,"column":7}},{"start":{},"end":{}}],"line":144},"11":{"loc":{"start":{"line":172,"column":6},"end":{"line":174,"column":7}},"type":"if","locations":[{"start":{"line":172,"column":6},"end":{"line":174,"column":7}},{"start":{},"end":{}}],"line":172},"12":{"loc":{"start":{"line":181,"column":4},"end":{"line":184,"column":5}},"type":"if","locations":[{"start":{"line":181,"column":4},"end":{"line":184,"column":5}},{"start":{},"end":{}}],"line":181},"13":{"loc":{"start":{"line":190,"column":4},"end":{"line":190,"column":31}},"type":"if","locations":[{"start":{"line":190,"column":4},"end":{"line":190,"column":31}},{"start":{},"end":{}}],"line":190},"14":{"loc":{"start":{"line":195,"column":4},"end":{"line":198,"column":5}},"type":"if","locations":[{"start":{"line":195,"column":4},"end":{"line":198,"column":5}},{"start":{},"end":{}}],"line":195},"15":{"loc":{"start":{"line":200,"column":4},"end":{"line":204,"column":5}},"type":"if","locations":[{"start":{"line":200,"column":4},"end":{"line":204,"column":5}},{"start":{},"end":{}}],"line":200},"16":{"loc":{"start":{"line":219,"column":0},"end":{"line":223,"column":1}},"type":"if","locations":[{"start":{"line":219,"column":0},"end":{"line":223,"column":1}},{"start":{"line":221,"column":7},"end":{"line":223,"column":1}}],"line":219}},"s":{"0":1,"1":13,"2":0,"3":0,"4":0,"5":0,"6":0,"7":0,"8":0,"9":0,"10":0,"11":0,"12":0,"13":0,"14":0,"15":0,"16":0,"17":0,"18":0,"19":0,"20":0,"21":0,"22":0,"23":0,"24":0,"25":0,"26":0,"27":0,"28":0,"29":0,"30":0,"31":0,"32":0,"33":0,"34":0,"35":0,"36":0,"37":0,"38":0,"39":0,"40":0,"41":0,"42":0,"43":0,"44":0,"45":0,"46":0,"47":0,"48":0,"49":0,"50":0,"51":0,"52":0,"53":0,"54":0,"55":0,"56":0,"57":0,"58":0,"59":0,"60":0,"61":0,"62":0,"63":0,"64":0,"65":0,"66":0,"67":0,"68":0,"69":0,"70":0,"71":0,"72":0,"73":0,"74":0,"75":0,"76":0,"77":0,"78":0,"79":0,"80":0,"81":0,"82":0,"83":0,"84":0,"85":0,"86":0,"87":0,"88":0,"89":0,"90":0,"91":0,"92":0,"93":0,"94":0,"95":0,"96":0,"97":0,"98":0,"99":0,"100":0,"101":0,"102":0,"103":0,"104":0,"105":0,"106":1,"107":1,"108":0},"f":{"0":13,"1":0,"2":0,"3":0,"4":0,"5":0,"6":0,"7":0,"8":0,"9":0,"10":0,"11":0,"12":0,"13":0},"b":{"0":[0,0],"1":[0,0],"2":[0,0],"3":[0,0],"4":[0,0],"5":[0,0],"6":[0,0,0],"7":[0,0],"8":[0,0],"9":[0,0],"10":[0,0],"11":[0,0],"12":[0,0],"13":[0,0],"14":[0,0],"15":[0,0],"16":[1,0]},"_coverageSchema":"1a1c01bbd47fc00a2c39e90264f33305004495a9","hash":"d3b64acc05cd5ef62ca9f328d8d75909b25631ff"}
}
