{"/Users/jessestay/Documents/Cursor Workspaces/EdBrassLaw/site-scraper-tools/chrome-extension/scraper.js": {"path":"/Users/jessestay/Documents/Cursor Workspaces/EdBrassLaw/site-scraper-tools/chrome-extension/scraper.js","statementMap":{"0":{"start":{"line":1,"column":0},"end":{"line":1,"column":33}},"1":{"start":{"line":7,"column":4},"end":{"line":16,"column":5}},"2":{"start":{"line":8,"column":6},"end":{"line":15,"column":8}},"3":{"start":{"line":17,"column":4},"end":{"line":17,"column":49}},"4":{"start":{"line":18,"column":4},"end":{"line":18,"column":48}},"5":{"start":{"line":19,"column":4},"end":{"line":19,"column":45}},"6":{"start":{"line":22,"column":4},"end":{"line":27,"column":6}},"7":{"start":{"line":30,"column":4},"end":{"line":30,"column":31}},"8":{"start":{"line":31,"column":4},"end":{"line":31,"column":29}},"9":{"start":{"line":32,"column":4},"end":{"line":32,"column":23}},"10":{"start":{"line":35,"column":4},"end":{"line":35,"column":30}},"11":{"start":{"line":36,"column":4},"end":{"line":36,"column":28}},"12":{"start":{"line":37,"column":4},"end":{"line":37,"column":33}},"13":{"start":{"line":38,"column":4},"end":{"line":38,"column":32}},"14":{"start":{"line":39,"column":4},"end":{"line":39,"column":30}},"15":{"start":{"line":40,"column":4},"end":{"line":40,"column":33}},"16":{"start":{"line":41,"column":4},"end":{"line":41,"column":24}},"17":{"start":{"line":42,"column":4},"end":{"line":42,"column":27}},"18":{"start":{"line":43,"column":4},"end":{"line":43,"column":28}},"19":{"start":{"line":46,"column":4},"end":{"line":46,"column":72}},"20":{"start":{"line":50,"column":4},"end":{"line":63,"column":5}},"21":{"start":{"line":51,"column":6},"end":{"line":51,"column":55}},"22":{"start":{"line":51,"column":16},"end":{"line":51,"column":55}},"23":{"start":{"line":54,"column":6},"end":{"line":56,"column":7}},"24":{"start":{"line":55,"column":8},"end":{"line":55,"column":73}},"25":{"start":{"line":58,"column":6},"end":{"line":58,"column":53}},"26":{"start":{"line":58,"column":32},"end":{"line":58,"column":53}},"27":{"start":{"line":59,"column":6},"end":{"line":59,"column":56}},"28":{"start":{"line":59,"column":31},"end":{"line":59,"column":56}},"29":{"start":{"line":60,"column":6},"end":{"line":60,"column":37}},"30":{"start":{"line":62,"column":6},"end":{"line":62,"column":45}},"31":{"start":{"line":67,"column":4},"end":{"line":92,"column":5}},"32":{"start":{"line":68,"column":18},"end":{"line":68,"column":51}},"33":{"start":{"line":69,"column":6},"end":{"line":69,"column":32}},"34":{"start":{"line":71,"column":6},"end":{"line":83,"column":9}},"35":{"start":{"line":72,"column":26},"end":{"line":74,"column":19}},"36":{"start":{"line":73,"column":10},"end":{"line":73,"column":49}},"37":{"start":{"line":76,"column":8},"end":{"line":82,"column":11}},"38":{"start":{"line":77,"column":10},"end":{"line":81,"column":11}},"39":{"start":{"line":78,"column":12},"end":{"line":78,"column":36}},"40":{"start":{"line":79,"column":12},"end":{"line":79,"column":59}},"41":{"start":{"line":80,"column":12},"end":{"line":80,"column":25}},"42":{"start":{"line":85,"column":6},"end":{"line":90,"column":7}},"43":{"start":{"line":87,"column":20},"end":{"line":87,"column":53}},"44":{"start":{"line":88,"column":8},"end":{"line":88,"column":34}},"45":{"start":{"line":89,"column":8},"end":{"line":89,"column":19}},"46":{"start":{"line":91,"column":6},"end":{"line":91,"column":18}},"47":{"start":{"line":96,"column":4},"end":{"line":96,"column":34}},"48":{"start":{"line":96,"column":27},"end":{"line":96,"column":34}},"49":{"start":{"line":98,"column":27},"end":{"line":104,"column":5}},"50":{"start":{"line":106,"column":4},"end":{"line":125,"column":5}},"51":{"start":{"line":107,"column":23},"end":{"line":107,"column":65}},"52":{"start":{"line":108,"column":6},"end":{"line":124,"column":7}},"53":{"start":{"line":109,"column":8},"end":{"line":123,"column":9}},"54":{"start":{"line":110,"column":25},"end":{"line":110,"column":46}},"55":{"start":{"line":111,"column":10},"end":{"line":111,"column":32}},"56":{"start":{"line":111,"column":23},"end":{"line":111,"column":32}},"57":{"start":{"line":114,"column":26},"end":{"line":116,"column":36}},"58":{"start":{"line":118,"column":27},"end":{"line":118,"column":53}},"59":{"start":{"line":119,"column":10},"end":{"line":119,"column":36}},"60":{"start":{"line":122,"column":10},"end":{"line":122,"column":85}},"61":{"start":{"line":129,"column":4},"end":{"line":131,"column":5}},"62":{"start":{"line":130,"column":6},"end":{"line":130,"column":13}},"63":{"start":{"line":133,"column":4},"end":{"line":140,"column":7}},"64":{"start":{"line":134,"column":6},"end":{"line":139,"column":9}},"65":{"start":{"line":135,"column":8},"end":{"line":137,"column":9}},"66":{"start":{"line":136,"column":10},"end":{"line":136,"column":50}},"67":{"start":{"line":138,"column":8},"end":{"line":138,"column":18}},"68":{"start":{"line":144,"column":4},"end":{"line":144,"column":57}},"69":{"start":{"line":146,"column":22},"end":{"line":146,"column":24}},"70":{"start":{"line":147,"column":4},"end":{"line":161,"column":5}},"71":{"start":{"line":148,"column":6},"end":{"line":160,"column":7}},"72":{"start":{"line":149,"column":25},"end":{"line":149,"column":48}},"73":{"start":{"line":150,"column":8},"end":{"line":157,"column":9}},"74":{"start":{"line":151,"column":23},"end":{"line":151,"column":44}},"75":{"start":{"line":152,"column":10},"end":{"line":155,"column":13}},"76":{"start":{"line":156,"column":10},"end":{"line":156,"column":50}},"77":{"start":{"line":159,"column":8},"end":{"line":159,"column":68}},"78":{"start":{"line":163,"column":18},"end":{"line":167,"column":5}},"79":{"start":{"line":169,"column":4},"end":{"line":169,"column":79}},"80":{"start":{"line":170,"column":4},"end":{"line":170,"column":21}},"81":{"start":{"line":174,"column":4},"end":{"line":231,"column":5}},"82":{"start":{"line":175,"column":6},"end":{"line":177,"column":7}},"83":{"start":{"line":176,"column":8},"end":{"line":176,"column":47}},"84":{"start":{"line":179,"column":6},"end":{"line":179,"column":58}},"85":{"start":{"line":180,"column":6},"end":{"line":180,"column":46}},"86":{"start":{"line":181,"column":6},"end":{"line":181,"column":36}},"87":{"start":{"line":183,"column":6},"end":{"line":225,"column":7}},"88":{"start":{"line":184,"column":8},"end":{"line":186,"column":9}},"89":{"start":{"line":185,"column":10},"end":{"line":185,"column":37}},"90":{"start":{"line":188,"column":20},"end":{"line":188,"column":42}},"91":{"start":{"line":189,"column":8},"end":{"line":189,"column":48}},"92":{"start":{"line":189,"column":39},"end":{"line":189,"column":48}},"93":{"start":{"line":191,"column":8},"end":{"line":224,"column":9}},"94":{"start":{"line":192,"column":10},"end":{"line":192,"column":48}},"95":{"start":{"line":193,"column":27},"end":{"line":193,"column":48}},"96":{"start":{"line":194,"column":23},"end":{"line":194,"column":44}},"97":{"start":{"line":196,"column":23},"end":{"line":196,"column":47}},"98":{"start":{"line":197,"column":10},"end":{"line":201,"column":13}},"99":{"start":{"line":203,"column":22},"end":{"line":203,"column":72}},"100":{"start":{"line":204,"column":10},"end":{"line":204,"column":51}},"101":{"start":{"line":206,"column":24},"end":{"line":206,"column":67}},"102":{"start":{"line":207,"column":10},"end":{"line":216,"column":11}},"103":{"start":{"line":208,"column":12},"end":{"line":215,"column":13}},"104":{"start":{"line":209,"column":27},"end":{"line":209,"column":61}},"105":{"start":{"line":210,"column":14},"end":{"line":212,"column":15}},"106":{"start":{"line":211,"column":16},"end":{"line":211,"column":42}},"107":{"start":{"line":214,"column":14},"end":{"line":214,"column":81}},"108":{"start":{"line":218,"column":10},"end":{"line":218,"column":36}},"109":{"start":{"line":219,"column":10},"end":{"line":219,"column":80}},"110":{"start":{"line":222,"column":10},"end":{"line":222,"column":63}},"111":{"start":{"line":223,"column":10},"end":{"line":223,"column":22}},"112":{"start":{"line":227,"column":6},"end":{"line":227,"column":37}},"113":{"start":{"line":229,"column":6},"end":{"line":229,"column":55}},"114":{"start":{"line":230,"column":6},"end":{"line":230,"column":18}},"115":{"start":{"line":236,"column":24},"end":{"line":236,"column":70}},"116":{"start":{"line":237,"column":4},"end":{"line":239,"column":5}},"117":{"start":{"line":238,"column":6},"end":{"line":238,"column":61}},"118":{"start":{"line":242,"column":20},"end":{"line":242,"column":55}},"119":{"start":{"line":243,"column":4},"end":{"line":245,"column":5}},"120":{"start":{"line":244,"column":6},"end":{"line":244,"column":75}},"121":{"start":{"line":248,"column":19},"end":{"line":248,"column":51}},"122":{"start":{"line":249,"column":4},"end":{"line":251,"column":5}},"123":{"start":{"line":250,"column":6},"end":{"line":250,"column":55}},"124":{"start":{"line":255,"column":4},"end":{"line":275,"column":5}},"125":{"start":{"line":256,"column":23},"end":{"line":256,"column":44}},"126":{"start":{"line":257,"column":6},"end":{"line":257,"column":62}},"127":{"start":{"line":257,"column":55},"end":{"line":257,"column":62}},"128":{"start":{"line":259,"column":23},"end":{"line":259,"column":44}},"129":{"start":{"line":260,"column":6},"end":{"line":260,"column":31}},"130":{"start":{"line":260,"column":24},"end":{"line":260,"column":31}},"131":{"start":{"line":262,"column":22},"end":{"line":264,"column":29}},"132":{"start":{"line":266,"column":19},"end":{"line":266,"column":59}},"133":{"start":{"line":267,"column":6},"end":{"line":271,"column":9}},"134":{"start":{"line":274,"column":6},"end":{"line":274,"column":59}},"135":{"start":{"line":279,"column":4},"end":{"line":286,"column":5}},"136":{"start":{"line":280,"column":21},"end":{"line":280,"column":33}},"137":{"start":{"line":281,"column":6},"end":{"line":283,"column":32}},"138":{"start":{"line":285,"column":6},"end":{"line":285,"column":19}},"139":{"start":{"line":290,"column":19},"end":{"line":290,"column":31}},"140":{"start":{"line":291,"column":15},"end":{"line":291,"column":30}},"141":{"start":{"line":293,"column":4},"end":{"line":295,"column":5}},"142":{"start":{"line":294,"column":6},"end":{"line":294,"column":27}},"143":{"start":{"line":297,"column":4},"end":{"line":297,"column":55}},"144":{"start":{"line":301,"column":4},"end":{"line":301,"column":47}},"145":{"start":{"line":302,"column":4},"end":{"line":306,"column":5}},"146":{"start":{"line":303,"column":20},"end":{"line":303,"column":56}},"147":{"start":{"line":304,"column":6},"end":{"line":304,"column":41}},"148":{"start":{"line":305,"column":6},"end":{"line":305,"column":18}},"149":{"start":{"line":308,"column":22},"end":{"line":308,"column":24}},"150":{"start":{"line":309,"column":4},"end":{"line":315,"column":5}},"151":{"start":{"line":310,"column":6},"end":{"line":314,"column":9}},"152":{"start":{"line":317,"column":4},"end":{"line":317,"column":73}},"153":{"start":{"line":318,"column":4},"end":{"line":318,"column":21}},"154":{"start":{"line":322,"column":4},"end":{"line":322,"column":40}},"155":{"start":{"line":325,"column":4},"end":{"line":325,"column":29}},"156":{"start":{"line":326,"column":4},"end":{"line":326,"column":24}},"157":{"start":{"line":327,"column":4},"end":{"line":327,"column":23}},"158":{"start":{"line":328,"column":4},"end":{"line":328,"column":28}},"159":{"start":{"line":329,"column":4},"end":{"line":329,"column":24}},"160":{"start":{"line":332,"column":4},"end":{"line":332,"column":61}},"161":{"start":{"line":332,"column":35},"end":{"line":332,"column":59}},"162":{"start":{"line":333,"column":4},"end":{"line":333,"column":28}},"163":{"start":{"line":336,"column":4},"end":{"line":336,"column":50}},"164":{"start":{"line":336,"column":32},"end":{"line":336,"column":48}},"165":{"start":{"line":337,"column":4},"end":{"line":337,"column":26}},"166":{"start":{"line":340,"column":4},"end":{"line":346,"column":5}},"167":{"start":{"line":341,"column":6},"end":{"line":345,"column":7}},"168":{"start":{"line":342,"column":8},"end":{"line":342,"column":40}},"169":{"start":{"line":344,"column":8},"end":{"line":344,"column":67}},"170":{"start":{"line":347,"column":4},"end":{"line":347,"column":26}},"171":{"start":{"line":351,"column":20},"end":{"line":351,"column":22}},"172":{"start":{"line":352,"column":4},"end":{"line":357,"column":5}},"173":{"start":{"line":353,"column":6},"end":{"line":355,"column":7}},"174":{"start":{"line":354,"column":8},"end":{"line":354,"column":35}},"175":{"start":{"line":356,"column":6},"end":{"line":356,"column":47}},"176":{"start":{"line":358,"column":4},"end":{"line":358,"column":19}},"177":{"start":{"line":362,"column":4},"end":{"line":366,"column":5}},"178":{"start":{"line":363,"column":20},"end":{"line":364,"column":53}},"179":{"start":{"line":365,"column":6},"end":{"line":365,"column":42}},"180":{"start":{"line":367,"column":4},"end":{"line":367,"column":17}},"181":{"start":{"line":371,"column":4},"end":{"line":371,"column":52}},"182":{"start":{"line":374,"column":4},"end":{"line":374,"column":50}},"183":{"start":{"line":377,"column":4},"end":{"line":382,"column":5}},"184":{"start":{"line":378,"column":22},"end":{"line":378,"column":54}},"185":{"start":{"line":379,"column":21},"end":{"line":379,"column":54}},"186":{"start":{"line":380,"column":6},"end":{"line":380,"column":25}},"187":{"start":{"line":381,"column":6},"end":{"line":381,"column":67}},"188":{"start":{"line":381,"column":39},"end":{"line":381,"column":65}},"189":{"start":{"line":385,"column":4},"end":{"line":385,"column":61}},"190":{"start":{"line":385,"column":35},"end":{"line":385,"column":59}},"191":{"start":{"line":386,"column":4},"end":{"line":386,"column":28}},"192":{"start":{"line":389,"column":4},"end":{"line":391,"column":5}},"193":{"start":{"line":390,"column":6},"end":{"line":390,"column":18}},"194":{"start":{"line":393,"column":4},"end":{"line":393,"column":50}},"195":{"start":{"line":397,"column":16},"end":{"line":397,"column":26}},"196":{"start":{"line":398,"column":4},"end":{"line":401,"column":5}},"197":{"start":{"line":399,"column":6},"end":{"line":399,"column":34}},"198":{"start":{"line":400,"column":6},"end":{"line":400,"column":37}},"199":{"start":{"line":403,"column":4},"end":{"line":410,"column":5}},"200":{"start":{"line":404,"column":23},"end":{"line":404,"column":81}},"201":{"start":{"line":405,"column":6},"end":{"line":408,"column":9}},"202":{"start":{"line":406,"column":26},"end":{"line":406,"column":55}},"203":{"start":{"line":407,"column":8},"end":{"line":407,"column":37}},"204":{"start":{"line":409,"column":6},"end":{"line":409,"column":35}},"205":{"start":{"line":412,"column":4},"end":{"line":412,"column":30}},"206":{"start":{"line":416,"column":4},"end":{"line":428,"column":5}},"207":{"start":{"line":417,"column":6},"end":{"line":417,"column":34}},"208":{"start":{"line":418,"column":23},"end":{"line":418,"column":39}},"209":{"start":{"line":419,"column":6},"end":{"line":423,"column":7}},"210":{"start":{"line":420,"column":22},"end":{"line":420,"column":73}},"211":{"start":{"line":421,"column":8},"end":{"line":421,"column":63}},"212":{"start":{"line":422,"column":8},"end":{"line":422,"column":20}},"213":{"start":{"line":424,"column":6},"end":{"line":424,"column":22}},"214":{"start":{"line":426,"column":6},"end":{"line":426,"column":61}},"215":{"start":{"line":427,"column":6},"end":{"line":427,"column":18}},"216":{"start":{"line":436,"column":0},"end":{"line":440,"column":1}},"217":{"start":{"line":437,"column":2},"end":{"line":437,"column":35}},"218":{"start":{"line":439,"column":2},"end":{"line":439,"column":35}}},"fnMap":{"0":{"name":"(anonymous_0)","decl":{"start":{"line":5,"column":2},"end":{"line":5,"column":3}},"loc":{"start":{"line":5,"column":16},"end":{"line":47,"column":3}},"line":5},"1":{"name":"(anonymous_1)","decl":{"start":{"line":49,"column":2},"end":{"line":49,"column":3}},"loc":{"start":{"line":49,"column":20},"end":{"line":64,"column":3}},"line":49},"2":{"name":"(anonymous_2)","decl":{"start":{"line":66,"column":2},"end":{"line":66,"column":3}},"loc":{"start":{"line":66,"column":41},"end":{"line":93,"column":3}},"line":66},"3":{"name":"(anonymous_3)","decl":{"start":{"line":71,"column":25},"end":{"line":71,"column":26}},"loc":{"start":{"line":71,"column":46},"end":{"line":83,"column":7}},"line":71},"4":{"name":"(anonymous_4)","decl":{"start":{"line":72,"column":37},"end":{"line":72,"column":38}},"loc":{"start":{"line":72,"column":43},"end":{"line":74,"column":9}},"line":72},"5":{"name":"listener","decl":{"start":{"line":76,"column":51},"end":{"line":76,"column":59}},"loc":{"start":{"line":76,"column":73},"end":{"line":82,"column":9}},"line":76},"6":{"name":"(anonymous_6)","decl":{"start":{"line":95,"column":2},"end":{"line":95,"column":3}},"loc":{"start":{"line":95,"column":44},"end":{"line":126,"column":3}},"line":95},"7":{"name":"(anonymous_7)","decl":{"start":{"line":128,"column":2},"end":{"line":128,"column":3}},"loc":{"start":{"line":128,"column":24},"end":{"line":141,"column":3}},"line":128},"8":{"name":"(anonymous_8)","decl":{"start":{"line":133,"column":23},"end":{"line":133,"column":24}},"loc":{"start":{"line":133,"column":34},"end":{"line":140,"column":5}},"line":133},"9":{"name":"(anonymous_9)","decl":{"start":{"line":134,"column":32},"end":{"line":134,"column":33}},"loc":{"start":{"line":134,"column":40},"end":{"line":139,"column":7}},"line":134},"10":{"name":"(anonymous_10)","decl":{"start":{"line":143,"column":2},"end":{"line":143,"column":3}},"loc":{"start":{"line":143,"column":22},"end":{"line":171,"column":3}},"line":143},"11":{"name":"(anonymous_11)","decl":{"start":{"line":173,"column":2},"end":{"line":173,"column":3}},"loc":{"start":{"line":173,"column":29},"end":{"line":232,"column":3}},"line":173},"12":{"name":"(anonymous_12)","decl":{"start":{"line":234,"column":2},"end":{"line":234,"column":3}},"loc":{"start":{"line":234,"column":36},"end":{"line":252,"column":3}},"line":234},"13":{"name":"(anonymous_13)","decl":{"start":{"line":254,"column":2},"end":{"line":254,"column":3}},"loc":{"start":{"line":254,"column":39},"end":{"line":276,"column":3}},"line":254},"14":{"name":"(anonymous_14)","decl":{"start":{"line":278,"column":2},"end":{"line":278,"column":3}},"loc":{"start":{"line":278,"column":24},"end":{"line":287,"column":3}},"line":278},"15":{"name":"(anonymous_15)","decl":{"start":{"line":289,"column":2},"end":{"line":289,"column":3}},"loc":{"start":{"line":289,"column":22},"end":{"line":298,"column":3}},"line":289},"16":{"name":"(anonymous_16)","decl":{"start":{"line":300,"column":2},"end":{"line":300,"column":3}},"loc":{"start":{"line":300,"column":27},"end":{"line":319,"column":3}},"line":300},"17":{"name":"(anonymous_17)","decl":{"start":{"line":321,"column":2},"end":{"line":321,"column":3}},"loc":{"start":{"line":321,"column":18},"end":{"line":348,"column":3}},"line":321},"18":{"name":"(anonymous_18)","decl":{"start":{"line":332,"column":28},"end":{"line":332,"column":29}},"loc":{"start":{"line":332,"column":35},"end":{"line":332,"column":59}},"line":332},"19":{"name":"(anonymous_19)","decl":{"start":{"line":336,"column":26},"end":{"line":336,"column":27}},"loc":{"start":{"line":336,"column":32},"end":{"line":336,"column":48}},"line":336},"20":{"name":"(anonymous_20)","decl":{"start":{"line":350,"column":2},"end":{"line":350,"column":3}},"loc":{"start":{"line":350,"column":27},"end":{"line":359,"column":3}},"line":350},"21":{"name":"(anonymous_21)","decl":{"start":{"line":361,"column":2},"end":{"line":361,"column":3}},"loc":{"start":{"line":361,"column":23},"end":{"line":368,"column":3}},"line":361},"22":{"name":"(anonymous_22)","decl":{"start":{"line":370,"column":2},"end":{"line":370,"column":3}},"loc":{"start":{"line":370,"column":24},"end":{"line":394,"column":3}},"line":370},"23":{"name":"(anonymous_23)","decl":{"start":{"line":381,"column":21},"end":{"line":381,"column":22}},"loc":{"start":{"line":381,"column":39},"end":{"line":381,"column":65}},"line":381},"24":{"name":"(anonymous_24)","decl":{"start":{"line":385,"column":28},"end":{"line":385,"column":29}},"loc":{"start":{"line":385,"column":35},"end":{"line":385,"column":59}},"line":385},"25":{"name":"(anonymous_25)","decl":{"start":{"line":396,"column":2},"end":{"line":396,"column":3}},"loc":{"start":{"line":396,"column":25},"end":{"line":413,"column":3}},"line":396},"26":{"name":"(anonymous_26)","decl":{"start":{"line":405,"column":24},"end":{"line":405,"column":25}},"loc":{"start":{"line":405,"column":35},"end":{"line":408,"column":7}},"line":405},"27":{"name":"(anonymous_27)","decl":{"start":{"line":415,"column":2},"end":{"line":415,"column":3}},"loc":{"start":{"line":415,"column":19},"end":{"line":429,"column":3}},"line":415}},"branchMap":{"0":{"loc":{"start":{"line":7,"column":4},"end":{"line":16,"column":5}},"type":"if","locations":[{"start":{"line":7,"column":4},"end":{"line":16,"column":5}},{"start":{},"end":{}}],"line":7},"1":{"loc":{"start":{"line":51,"column":6},"end":{"line":51,"column":55}},"type":"if","locations":[{"start":{"line":51,"column":6},"end":{"line":51,"column":55}},{"start":{},"end":{}}],"line":51},"2":{"loc":{"start":{"line":54,"column":6},"end":{"line":56,"column":7}},"type":"if","locations":[{"start":{"line":54,"column":6},"end":{"line":56,"column":7}},{"start":{},"end":{}}],"line":54},"3":{"loc":{"start":{"line":54,"column":10},"end":{"line":54,"column":46}},"type":"binary-expr","locations":[{"start":{"line":54,"column":10},"end":{"line":54,"column":23}},{"start":{"line":54,"column":27},"end":{"line":54,"column":46}}],"line":54},"4":{"loc":{"start":{"line":58,"column":6},"end":{"line":58,"column":53}},"type":"if","locations":[{"start":{"line":58,"column":6},"end":{"line":58,"column":53}},{"start":{},"end":{}}],"line":58},"5":{"loc":{"start":{"line":59,"column":6},"end":{"line":59,"column":56}},"type":"if","locations":[{"start":{"line":59,"column":6},"end":{"line":59,"column":56}},{"start":{},"end":{}}],"line":59},"6":{"loc":{"start":{"line":66,"column":24},"end":{"line":66,"column":39}},"type":"default-arg","locations":[{"start":{"line":66,"column":34},"end":{"line":66,"column":39}}],"line":66},"7":{"loc":{"start":{"line":77,"column":10},"end":{"line":81,"column":11}},"type":"if","locations":[{"start":{"line":77,"column":10},"end":{"line":81,"column":11}},{"start":{},"end":{}}],"line":77},"8":{"loc":{"start":{"line":77,"column":14},"end":{"line":77,"column":60}},"type":"binary-expr","locations":[{"start":{"line":77,"column":14},"end":{"line":77,"column":30}},{"start":{"line":77,"column":34},"end":{"line":77,"column":60}}],"line":77},"9":{"loc":{"start":{"line":85,"column":6},"end":{"line":90,"column":7}},"type":"if","locations":[{"start":{"line":85,"column":6},"end":{"line":90,"column":7}},{"start":{},"end":{}}],"line":85},"10":{"loc":{"start":{"line":95,"column":33},"end":{"line":95,"column":42}},"type":"default-arg","locations":[{"start":{"line":95,"column":41},"end":{"line":95,"column":42}}],"line":95},"11":{"loc":{"start":{"line":96,"column":4},"end":{"line":96,"column":34}},"type":"if","locations":[{"start":{"line":96,"column":4},"end":{"line":96,"column":34}},{"start":{},"end":{}}],"line":96},"12":{"loc":{"start":{"line":96,"column":8},"end":{"line":96,"column":25}},"type":"binary-expr","locations":[{"start":{"line":96,"column":8},"end":{"line":96,"column":12}},{"start":{"line":96,"column":16},"end":{"line":96,"column":25}}],"line":96},"13":{"loc":{"start":{"line":111,"column":10},"end":{"line":111,"column":32}},"type":"if","locations":[{"start":{"line":111,"column":10},"end":{"line":111,"column":32}},{"start":{},"end":{}}],"line":111},"14":{"loc":{"start":{"line":114,"column":26},"end":{"line":116,"column":36}},"type":"cond-expr","locations":[{"start":{"line":115,"column":14},"end":{"line":115,"column":20}},{"start":{"line":116,"column":14},"end":{"line":116,"column":36}}],"line":114},"15":{"loc":{"start":{"line":114,"column":26},"end":{"line":114,"column":77}},"type":"binary-expr","locations":[{"start":{"line":114,"column":26},"end":{"line":114,"column":48}},{"start":{"line":114,"column":52},"end":{"line":114,"column":77}}],"line":114},"16":{"loc":{"start":{"line":129,"column":4},"end":{"line":131,"column":5}},"type":"if","locations":[{"start":{"line":129,"column":4},"end":{"line":131,"column":5}},{"start":{},"end":{}}],"line":129},"17":{"loc":{"start":{"line":135,"column":8},"end":{"line":137,"column":9}},"type":"if","locations":[{"start":{"line":135,"column":8},"end":{"line":137,"column":9}},{"start":{},"end":{}}],"line":135},"18":{"loc":{"start":{"line":150,"column":8},"end":{"line":157,"column":9}},"type":"if","locations":[{"start":{"line":150,"column":8},"end":{"line":157,"column":9}},{"start":{},"end":{}}],"line":150},"19":{"loc":{"start":{"line":175,"column":6},"end":{"line":177,"column":7}},"type":"if","locations":[{"start":{"line":175,"column":6},"end":{"line":177,"column":7}},{"start":{},"end":{}}],"line":175},"20":{"loc":{"start":{"line":184,"column":8},"end":{"line":186,"column":9}},"type":"if","locations":[{"start":{"line":184,"column":8},"end":{"line":186,"column":9}},{"start":{},"end":{}}],"line":184},"21":{"loc":{"start":{"line":189,"column":8},"end":{"line":189,"column":48}},"type":"if","locations":[{"start":{"line":189,"column":8},"end":{"line":189,"column":48}},{"start":{},"end":{}}],"line":189},"22":{"loc":{"start":{"line":210,"column":14},"end":{"line":212,"column":15}},"type":"if","locations":[{"start":{"line":210,"column":14},"end":{"line":212,"column":15}},{"start":{},"end":{}}],"line":210},"23":{"loc":{"start":{"line":257,"column":6},"end":{"line":257,"column":62}},"type":"if","locations":[{"start":{"line":257,"column":6},"end":{"line":257,"column":62}},{"start":{},"end":{}}],"line":257},"24":{"loc":{"start":{"line":260,"column":6},"end":{"line":260,"column":31}},"type":"if","locations":[{"start":{"line":260,"column":6},"end":{"line":260,"column":31}},{"start":{},"end":{}}],"line":260},"25":{"loc":{"start":{"line":262,"column":22},"end":{"line":264,"column":29}},"type":"cond-expr","locations":[{"start":{"line":263,"column":8},"end":{"line":263,"column":29}},{"start":{"line":264,"column":8},"end":{"line":264,"column":29}}],"line":262},"26":{"loc":{"start":{"line":281,"column":13},"end":{"line":283,"column":31}},"type":"binary-expr","locations":[{"start":{"line":281,"column":13},"end":{"line":281,"column":43}},{"start":{"line":282,"column":13},"end":{"line":282,"column":39}},{"start":{"line":283,"column":13},"end":{"line":283,"column":31}}],"line":281},"27":{"loc":{"start":{"line":293,"column":4},"end":{"line":295,"column":5}},"type":"if","locations":[{"start":{"line":293,"column":4},"end":{"line":295,"column":5}},{"start":{},"end":{}}],"line":293},"28":{"loc":{"start":{"line":293,"column":8},"end":{"line":293,"column":49}},"type":"binary-expr","locations":[{"start":{"line":293,"column":8},"end":{"line":293,"column":26}},{"start":{"line":293,"column":30},"end":{"line":293,"column":49}}],"line":293},"29":{"loc":{"start":{"line":297,"column":11},"end":{"line":297,"column":54}},"type":"cond-expr","locations":[{"start":{"line":297,"column":34},"end":{"line":297,"column":47}},{"start":{"line":297,"column":50},"end":{"line":297,"column":54}}],"line":297},"30":{"loc":{"start":{"line":302,"column":4},"end":{"line":306,"column":5}},"type":"if","locations":[{"start":{"line":302,"column":4},"end":{"line":306,"column":5}},{"start":{},"end":{}}],"line":302},"31":{"loc":{"start":{"line":353,"column":6},"end":{"line":355,"column":7}},"type":"if","locations":[{"start":{"line":353,"column":6},"end":{"line":355,"column":7}},{"start":{},"end":{}}],"line":353},"32":{"loc":{"start":{"line":362,"column":4},"end":{"line":366,"column":5}},"type":"if","locations":[{"start":{"line":362,"column":4},"end":{"line":366,"column":5}},{"start":{},"end":{}}],"line":362},"33":{"loc":{"start":{"line":377,"column":4},"end":{"line":382,"column":5}},"type":"if","locations":[{"start":{"line":377,"column":4},"end":{"line":382,"column":5}},{"start":{},"end":{}}],"line":377},"34":{"loc":{"start":{"line":389,"column":4},"end":{"line":391,"column":5}},"type":"if","locations":[{"start":{"line":389,"column":4},"end":{"line":391,"column":5}},{"start":{},"end":{}}],"line":389},"35":{"loc":{"start":{"line":398,"column":4},"end":{"line":401,"column":5}},"type":"if","locations":[{"start":{"line":398,"column":4},"end":{"line":401,"column":5}},{"start":{},"end":{}}],"line":398},"36":{"loc":{"start":{"line":403,"column":4},"end":{"line":410,"column":5}},"type":"if","locations":[{"start":{"line":403,"column":4},"end":{"line":410,"column":5}},{"start":{},"end":{}}],"line":403},"37":{"loc":{"start":{"line":419,"column":6},"end":{"line":423,"column":7}},"type":"if","locations":[{"start":{"line":419,"column":6},"end":{"line":423,"column":7}},{"start":{},"end":{}}],"line":419},"38":{"loc":{"start":{"line":436,"column":0},"end":{"line":440,"column":1}},"type":"if","locations":[{"start":{"line":436,"column":0},"end":{"line":440,"column":1}},{"start":{"line":438,"column":7},"end":{"line":440,"column":1}}],"line":436}},"s":{"0":1,"1":15,"2":1,"3":15,"4":15,"5":15,"6":15,"7":15,"8":15,"9":15,"10":15,"11":15,"12":15,"13":15,"14":15,"15":15,"16":15,"17":15,"18":15,"19":15,"20":9,"21":9,"22":1,"23":8,"24":0,"25":8,"26":1,"27":8,"28":1,"29":8,"30":1,"31":2,"32":2,"33":1,"34":1,"35":1,"36":1,"37":1,"38":0,"39":0,"40":0,"41":0,"42":1,"43":1,"44":1,"45":1,"46":0,"47":1,"48":0,"49":1,"50":1,"51":5,"52":5,"53":5,"54":5,"55":5,"56":0,"57":5,"58":5,"59":5,"60":0,"61":53,"62":0,"63":53,"64":53,"65":53,"66":50,"67":53,"68":5,"69":5,"70":5,"71":10,"72":10,"73":8,"74":8,"75":8,"76":8,"77":2,"78":5,"79":5,"80":5,"81":0,"82":0,"83":0,"84":0,"85":0,"86":0,"87":0,"88":0,"89":0,"90":0,"91":0,"92":0,"93":0,"94":0,"95":0,"96":0,"97":0,"98":0,"99":0,"100":0,"101":0,"102":0,"103":0,"104":0,"105":0,"106":0,"107":0,"108":0,"109":0,"110":0,"111":0,"112":0,"113":0,"114":0,"115":0,"116":0,"117":0,"118":0,"119":0,"120":0,"121":0,"122":0,"123":0,"124":0,"125":0,"126":0,"127":0,"128":0,"129":0,"130":0,"131":0,"132":0,"133":0,"134":0,"135":0,"136":0,"137":0,"138":0,"139":0,"140":0,"141":0,"142":0,"143":0,"144":0,"145":0,"146":0,"147":0,"148":0,"149":0,"150":0,"151":0,"152":0,"153":0,"154":12,"155":12,"156":12,"157":12,"158":12,"159":12,"160":12,"161":0,"162":12,"163":12,"164":0,"165":12,"166":12,"167":4,"168":4,"169":0,"170":12,"171":0,"172":0,"173":0,"174":0,"175":0,"176":0,"177":1,"178":1,"179":1,"180":0,"181":1,"182":1,"183":1,"184":0,"185":0,"186":0,"187":0,"188":0,"189":1,"190":0,"191":1,"192":1,"193":0,"194":1,"195":41,"196":41,"197":2,"198":2,"199":41,"200":0,"201":0,"202":0,"203":0,"204":0,"205":41,"206":41,"207":41,"208":41,"209":39,"210":0,"211":0,"212":0,"213":39,"214":2,"215":2,"216":1,"217":1,"218":0},"f":{"0":15,"1":9,"2":2,"3":1,"4":1,"5":0,"6":1,"7":53,"8":53,"9":53,"10":5,"11":0,"12":0,"13":0,"14":0,"15":0,"16":0,"17":12,"18":0,"19":0,"20":0,"21":1,"22":1,"23":0,"24":0,"25":41,"26":0,"27":41},"b":{"0":[1,14],"1":[1,8],"2":[0,8],"3":[8,0],"4":[1,7],"5":[1,7],"6":[1],"7":[0,0],"8":[0,0],"9":[1,0],"10":[1],"11":[0,1],"12":[1,1],"13":[0,5],"14":[0,5],"15":[5,5],"16":[0,53],"17":[50,3],"18":[8,0],"19":[0,0],"20":[0,0],"21":[0,0],"22":[0,0],"23":[0,0],"24":[0,0],"25":[0,0],"26":[0,0,0],"27":[0,0],"28":[0,0],"29":[0,0],"30":[0,0],"31":[0,0],"32":[1,0],"33":[0,1],"34":[0,1],"35":[2,39],"36":[0,41],"37":[0,39],"38":[1,0]},"_coverageSchema":"1a1c01bbd47fc00a2c39e90264f33305004495a9","hash":"86ed068013cef2ef1b2b5bc9bc8ced0c846be465"}
}
