TN:
SF:chrome-extension/scraper.js
FN:5,(anonymous_0)
FN:49,(anonymous_1)
FN:72,(anonymous_2)
FN:77,(anonymous_3)
FN:78,(anonymous_4)
FN:82,listener
FN:101,(anonymous_6)
FN:134,(anonymous_7)
FN:139,(anonymous_8)
FN:140,(anonymous_9)
FN:149,(anonymous_10)
FN:179,(anonymous_11)
FN:240,(anonymous_12)
FN:260,(anonymous_13)
FN:284,(anonymous_14)
FN:295,(anonymous_15)
FN:306,(anonymous_16)
FN:327,(anonymous_17)
FN:338,(anonymous_18)
FN:342,(anonymous_19)
FN:356,(anonymous_20)
FN:367,(anonymous_21)
FN:376,(anonymous_22)
FN:387,(anonymous_23)
FN:391,(anonymous_24)
FN:402,(anonymous_25)
FN:411,(anonymous_26)
FN:421,(anonymous_27)
FNF:28
FNH:15
FNDA:15,(anonymous_0)
FNDA:10,(anonymous_1)
FNDA:2,(anonymous_2)
FNDA:1,(anonymous_3)
FNDA:1,(anonymous_4)
FNDA:0,listener
FNDA:1,(anonymous_6)
FNDA:53,(anonymous_7)
FNDA:53,(anonymous_8)
FNDA:53,(anonymous_9)
FNDA:5,(anonymous_10)
FNDA:0,(anonymous_11)
FNDA:0,(anonymous_12)
FNDA:0,(anonymous_13)
FNDA:0,(anonymous_14)
FNDA:0,(anonymous_15)
FNDA:0,(anonymous_16)
FNDA:12,(anonymous_17)
FNDA:0,(anonymous_18)
FNDA:0,(anonymous_19)
FNDA:0,(anonymous_20)
FNDA:1,(anonymous_21)
FNDA:1,(anonymous_22)
FNDA:0,(anonymous_23)
FNDA:0,(anonymous_24)
FNDA:41,(anonymous_25)
FNDA:0,(anonymous_26)
FNDA:41,(anonymous_27)
DA:1,1
DA:7,15
DA:8,1
DA:17,15
DA:18,15
DA:19,15
DA:22,15
DA:30,15
DA:31,15
DA:32,15
DA:35,15
DA:36,15
DA:37,15
DA:38,15
DA:39,15
DA:40,15
DA:41,15
DA:42,15
DA:43,15
DA:46,15
DA:50,10
DA:51,10
DA:52,1
DA:56,9
DA:57,0
DA:60,9
DA:61,9
DA:62,9
DA:63,9
DA:65,1
DA:68,2
DA:73,2
DA:74,2
DA:75,1
DA:77,1
DA:78,1
DA:79,1
DA:82,1
DA:83,0
DA:84,0
DA:85,0
DA:86,0
DA:91,1
DA:93,1
DA:94,1
DA:95,1
DA:97,0
DA:102,1
DA:104,1
DA:112,1
DA:113,5
DA:114,5
DA:115,5
DA:116,5
DA:117,5
DA:120,5
DA:124,5
DA:125,5
DA:128,0
DA:135,53
DA:136,0
DA:139,53
DA:140,53
DA:141,53
DA:142,50
DA:144,53
DA:150,5
DA:152,5
DA:153,5
DA:154,10
DA:155,10
DA:156,8
DA:157,8
DA:158,8
DA:162,8
DA:165,2
DA:169,5
DA:175,5
DA:176,5
DA:180,0
DA:181,0
DA:182,0
DA:185,0
DA:186,0
DA:187,0
DA:189,0
DA:190,0
DA:191,0
DA:194,0
DA:195,0
DA:197,0
DA:198,0
DA:199,0
DA:200,0
DA:202,0
DA:203,0
DA:209,0
DA:210,0
DA:212,0
DA:213,0
DA:214,0
DA:215,0
DA:216,0
DA:217,0
DA:220,0
DA:224,0
DA:225,0
DA:228,0
DA:229,0
DA:233,0
DA:235,0
DA:236,0
DA:242,0
DA:243,0
DA:244,0
DA:248,0
DA:249,0
DA:250,0
DA:254,0
DA:255,0
DA:256,0
DA:261,0
DA:262,0
DA:263,0
DA:265,0
DA:266,0
DA:268,0
DA:272,0
DA:273,0
DA:280,0
DA:285,0
DA:286,0
DA:287,0
DA:291,0
DA:296,0
DA:297,0
DA:299,0
DA:300,0
DA:303,0
DA:307,0
DA:308,0
DA:309,0
DA:310,0
DA:311,0
DA:314,0
DA:315,0
DA:316,0
DA:323,0
DA:324,0
DA:328,12
DA:331,12
DA:332,12
DA:333,12
DA:334,12
DA:335,12
DA:338,12
DA:339,12
DA:342,12
DA:343,12
DA:346,12
DA:347,4
DA:348,4
DA:350,0
DA:353,12
DA:357,0
DA:358,0
DA:359,0
DA:360,0
DA:362,0
DA:364,0
DA:368,1
DA:369,1
DA:371,1
DA:373,0
DA:377,1
DA:380,1
DA:383,1
DA:384,0
DA:385,0
DA:386,0
DA:387,0
DA:391,1
DA:392,1
DA:395,1
DA:396,0
DA:399,1
DA:403,41
DA:404,41
DA:405,2
DA:406,2
DA:409,41
DA:410,0
DA:411,0
DA:412,0
DA:413,0
DA:415,0
DA:418,41
DA:422,41
DA:423,41
DA:424,41
DA:425,39
DA:426,0
DA:427,0
DA:428,0
DA:430,39
DA:432,2
DA:433,2
DA:442,1
DA:443,1
DA:445,0
LF:210
LH:110
BRDA:7,0,0,1
BRDA:7,0,1,14
BRDA:51,1,0,1
BRDA:51,1,1,9
BRDA:51,2,0,10
BRDA:51,2,1,9
BRDA:56,3,0,0
BRDA:56,3,1,9
BRDA:56,4,0,9
BRDA:56,4,1,0
BRDA:61,5,0,1
BRDA:61,5,1,8
BRDA:62,6,0,1
BRDA:62,6,1,8
BRDA:72,7,0,1
BRDA:83,8,0,0
BRDA:83,8,1,0
BRDA:83,9,0,0
BRDA:83,9,1,0
BRDA:91,10,0,1
BRDA:91,10,1,0
BRDA:101,11,0,1
BRDA:102,12,0,0
BRDA:102,12,1,1
BRDA:102,13,0,1
BRDA:102,13,1,1
BRDA:117,14,0,0
BRDA:117,14,1,5
BRDA:120,15,0,0
BRDA:120,15,1,5
BRDA:120,16,0,5
BRDA:120,16,1,5
BRDA:135,17,0,0
BRDA:135,17,1,53
BRDA:141,18,0,50
BRDA:141,18,1,3
BRDA:156,19,0,8
BRDA:156,19,1,0
BRDA:181,20,0,0
BRDA:181,20,1,0
BRDA:190,21,0,0
BRDA:190,21,1,0
BRDA:195,22,0,0
BRDA:195,22,1,0
BRDA:216,23,0,0
BRDA:216,23,1,0
BRDA:263,24,0,0
BRDA:263,24,1,0
BRDA:266,25,0,0
BRDA:266,25,1,0
BRDA:268,26,0,0
BRDA:268,26,1,0
BRDA:287,27,0,0
BRDA:287,27,1,0
BRDA:287,27,2,0
BRDA:299,28,0,0
BRDA:299,28,1,0
BRDA:299,29,0,0
BRDA:299,29,1,0
BRDA:303,30,0,0
BRDA:303,30,1,0
BRDA:308,31,0,0
BRDA:308,31,1,0
BRDA:359,32,0,0
BRDA:359,32,1,0
BRDA:368,33,0,1
BRDA:368,33,1,0
BRDA:383,34,0,0
BRDA:383,34,1,1
BRDA:395,35,0,0
BRDA:395,35,1,1
BRDA:404,36,0,2
BRDA:404,36,1,39
BRDA:409,37,0,0
BRDA:409,37,1,41
BRDA:425,38,0,0
BRDA:425,38,1,39
BRDA:442,39,0,1
BRDA:442,39,1,0
BRF:79
BRH:34
end_of_record
